从 D:\Student-Course\Properties\launchSettings.json 使用启动设置...
正在生成...
info: Microsoft.Hosting.Lifetime[14]
      Now listening on: http://localhost:5291
info: Microsoft.Hosting.Lifetime[0]
      Application started. Press Ctrl+C to shut down.
info: Microsoft.Hosting.Lifetime[0]
      Hosting environment: Development
info: Microsoft.Hosting.Lifetime[0]
      Content root path: D:\Student-Course
warn: Microsoft.AspNetCore.HttpsPolicy.HttpsRedirectionMiddleware[3]
      Failed to determine the https port for redirect.
fail: Microsoft.AspNetCore.Diagnostics.DeveloperExceptionPageMiddleware[1]
      An unhandled exception has occurred while executing the request.
      Oracle.ManagedDataAccess.Client.OracleException (0x80004005): ORA-12154: Cannot connect to database. Cannot find alias YOUR_HOST:1521/YOUR_SERVICE in DataSources, , EZConnect.
      https://docs.oracle.com/error-help/db/ora-12154/
       ---> OracleInternal.Network.NetworkException (0x80004005): ORA-12154: Cannot connect to database. Cannot find alias YOUR_HOST:1521/YOUR_SERVICE in DataSources, , EZConnect.
      https://docs.oracle.com/error-help/db/ora-12154/
         at OracleInternal.Network.AddressResolution..ctor(String TNSAlias, SqlNetOraConfig SNOConfig, String oraConConIdPrefix, String uniqueConnectionId, Object traceObj, OracleCommunication OC, Hashtable ObTnsHT, String ObTnsPt, Hashtable ObLdpHT, String NamesDirectoryPath, String instanceName, ConnectionOption CO, String ShardingKeyB64, String SuperShardingKeyB64, String ServerIs)
         at OracleInternal.Network.OracleCommunication.Resolve(String tnsAlias, ConnectionOption& CO, INamingAdapter& addrNamingAdapter)
         at OracleInternal.ConnectionPool.PoolManager`3.ResolveTnsAlias(ConnectionString cs, Object OC)
         at OracleInternal.ServiceObjects.OracleConnectionImpl.Connect(ConnectionString cs, Boolean bOpenEndUserSession, OracleConnection connRefForCriteria, String instanceName, Boolean bAsync)
         at OracleInternal.ConnectionPool.PoolManager`3.Get(ConnectionString csWithDiffOrNewPassw, Boolean bGetForApp, OracleConnection connRefForCriteria, String affinityInstanceName, Boolean bForceMatch, Boolean bAsync)
         at OracleInternal.ConnectionPool.OraclePoolManager.Get(ConnectionString csWithNewPassw, Boolean bGetForApp, OracleConnection connRefForCriteria, String affinityInstanceName, Boolean bForceMatch, Boolean bAsync)
         at OracleInternal.ConnectionPool.OracleConnectionDispenser`3.Get(ConnectionString cs, PM conPM, ConnectionString pmCS, OracleOpaqueString opaquePassw, OracleOpaqueString securedProxyPassw, OracleConnection connRefForCriteria, Boolean bAsync)
         at Oracle.ManagedDataAccess.Client.OracleConnectionInternal.OpenInternal(Boolean bAsync)
         at Oracle.ManagedDataAccess.Client.OracleConnectionInternal.Open()
         at Oracle.ManagedDataAccess.Client.OracleConnection.Open()
         at StudentCourse.Infrastructure.DbConnectionFactory.OpenConnection() in D:\Student-Course\Infrastructure\DbConnectionFactory.cs:line 36
         at StudentCourse.Repositories.TeacherRepository.GetTeacherInfoByTeacherNo(String teacherNo) in D:\Student-Course\Repositories\TeacherRepository.cs:line 49
         at StudentCourse.Services.TeacherService.GetCurrentTeacher() in D:\Student-Course\Services\TeacherService.cs:line 28
         at StudentCourse.Controllers.TeacherController.<GetCurrentTeacher>b__5_0() in D:\Student-Course\Controllers\TeacherController.cs:line 31
         at StudentCourse.Controllers.TeacherController.SafeOk[T](Func`1 action) in D:\Student-Course\Controllers\TeacherController.cs:line 116
         at StudentCourse.Controllers.TeacherController.GetCurrentTeacher() in D:\Student-Course\Controllers\TeacherController.cs:line 31
         at lambda_method1(Closure, Object, Object[])
         at Microsoft.AspNetCore.Mvc.Infrastructure.ActionMethodExecutor.SyncActionResultExecutor.Execute(ActionContext actionContext, IActionResultTypeMapper mapper, ObjectMethodExecutor executor, Object controller, Object[] arguments)
         at Microsoft.AspNetCore.Mvc.Infrastructure.ControllerActionInvoker.InvokeActionMethodAsync()
         at Microsoft.AspNetCore.Mvc.Infrastructure.ControllerActionInvoker.Next(State& next, Scope& scope, Object& state, Boolean& isCompleted)
         at Microsoft.AspNetCore.Mvc.Infrastructure.ControllerActionInvoker.InvokeNextActionFilterAsync()
      --- End of stack trace from previous location ---
         at Microsoft.AspNetCore.Mvc.Infrastructure.ControllerActionInvoker.Rethrow(ActionExecutedContextSealed context)
         at Microsoft.AspNetCore.Mvc.Infrastructure.ControllerActionInvoker.Next(State& next, Scope& scope, Object& state, Boolean& isCompleted)
         at Microsoft.AspNetCore.Mvc.Infrastructure.ControllerActionInvoker.InvokeInnerFilterAsync()
      --- End of stack trace from previous location ---
         at Microsoft.AspNetCore.Mvc.Infrastructure.ResourceInvoker.<InvokeNextResourceFilter>g__Awaited|25_0(ResourceInvoker invoker, Task lastTask, State next, Scope scope, Object state, Boolean isCompleted)
         at Microsoft.AspNetCore.Mvc.Infrastructure.ResourceInvoker.Rethrow(ResourceExecutedContextSealed context)
         at Microsoft.AspNetCore.Mvc.Infrastructure.ResourceInvoker.Next(State& next, Scope& scope, Object& state, Boolean& isCompleted)
         at Microsoft.AspNetCore.Mvc.Infrastructure.ResourceInvoker.InvokeFilterPipelineAsync()
      --- End of stack trace from previous location ---
         at Microsoft.AspNetCore.Mvc.Infrastructure.ResourceInvoker.<InvokeAsync>g__Awaited|17_0(ResourceInvoker invoker, Task task, IDisposable scope)
         at Microsoft.AspNetCore.Mvc.Infrastructure.ResourceInvoker.<InvokeAsync>g__Awaited|17_0(ResourceInvoker invoker, Task task, IDisposable scope)
         at Microsoft.AspNetCore.Authorization.AuthorizationMiddleware.Invoke(HttpContext context)
         at Microsoft.AspNetCore.Authentication.AuthenticationMiddleware.Invoke(HttpContext context)
         at Microsoft.AspNetCore.Diagnostics.DeveloperExceptionPageMiddlewareImpl.Invoke(HttpContext context)
